<?xml version="1.0" encoding="UTF-8"?>
<testng-results skipped="0" failed="0" ignored="0" total="1" passed="1">
  <reporter-output>
  </reporter-output>
  <suite name="Default suite" duration-ms="25330" started-at="2022-09-28T15:11:48 PKT" finished-at="2022-09-28T15:12:13 PKT">
    <groups>
    </groups>
    <test name="Default test" duration-ms="25330" started-at="2022-09-28T15:11:48 PKT" finished-at="2022-09-28T15:12:13 PKT">
      <class name="SauceLab.sauceLabTest">
        <test-method status="PASS" signature="setUp()[pri:0, instance:SauceLab.sauceLabTest@75881071]" name="setUp" is-config="true" duration-ms="11911" started-at="2022-09-28T15:11:48 PKT" finished-at="2022-09-28T15:12:00 PKT">
          <reporter-output>
          </reporter-output>
        </test-method> <!-- setUp -->
        <test-method status="PASS" signature="sauceLabTask()[pri:0, instance:SauceLab.sauceLabTest@75881071]" name="sauceLabTask" duration-ms="13377" started-at="2022-09-28T15:12:00 PKT" finished-at="2022-09-28T15:12:13 PKT">
          <reporter-output>
          </reporter-output>
        </test-method> <!-- sauceLabTask -->
      </class> <!-- SauceLab.sauceLabTest -->
    </test> <!-- Default test -->
  </suite> <!-- Default suite -->
</testng-results>
